ARCGameEngine Ver 4.45C
Copyright (c) ARC Software Laboratory 1999-2014

DrawMode=1 CreateObject=0x2

Direct3Dオブジェクト初期化
テクスチャ処理能力 MaxWidth=16384 MaxHeight=16384

ARCGameEngineが起動しました．
メインスレッドID:4012


致命的エラー[データが壊れています．
再インストールしてください．

]
ChangeDisplaySettings Start
関数：ResetDevice 2．1280 720
ChangeDisplaySettings End

致命的エラー[データが壊れています．
再インストールしてください．

]

致命的エラー[データが壊れています．
再インストールしてください．

]

致命的エラー[データが壊れています．
再インストールしてください．

]

致命的エラー[データが壊れています．
再インストールしてください．

]

致命的エラー[データが壊れています．
再インストールしてください．

]

致命的エラー[データが壊れています．
再インストールしてください．

]

致命的エラー[データが壊れています．
再インストールしてください．

]

致命的エラー[データが壊れています．
再インストールしてください．

]

致命的エラー[データが壊れています．
再インストールしてください．

]

致命的エラー[データが壊れています．
再インストールしてください．

]

致命的エラー[データが壊れています．
再インストールしてください．

]

致命的エラー[データが壊れています．
再インストールしてください．

]
EnterMenu

致命的エラー[データが壊れています．
再インストールしてください．

]
EnterMenu

致命的エラー[データが壊れています．
再インストールしてください．

]
EnterMenu
EnterMenu

致命的エラー[データが壊れています．
再インストールしてください．

]

致命的エラー[データが壊れています．
再インストールしてください．

]

致命的エラー[データが壊れています．
再インストールしてください．

]

致命的エラー[データが壊れています．
再インストールしてください．

]

致命的エラー[データが壊れています．
再インストールしてください．

]

致命的エラー[データが壊れています．
再インストールしてください．

]
関数：ResetDevice 1．1280 720

致命的エラー[データが壊れています．
再インストールしてください．

]

致命的エラー[データが壊れています．
再インストールしてください．

]

致命的エラー[データが壊れています．
再インストールしてください．

]

致命的エラー[データが壊れています．
再インストールしてください．

]

致命的エラー[データが壊れています．
再インストールしてください．

]

致命的エラー[データが壊れています．
再インストールしてください．

]

致命的エラー[データが壊れています．
再インストールしてください．

]

致命的エラー[データが壊れています．
再インストールしてください．

]

致命的エラー[データが壊れています．
再インストールしてください．

]

致命的エラー[データが壊れています．
再インストールしてください．

]

致命的エラー[データが壊れています．
再インストールしてください．

]

致命的エラー[データが壊れています．
再インストールしてください．

]

致命的エラー[データが壊れています．
再インストールしてください．

]

致命的エラー[データが壊れています．
再インストールしてください．

]

致命的エラー[データが壊れています．
再インストールしてください．

]

致命的エラー[データが壊れています．
再インストールしてください．

]

致命的エラー[データが壊れています．
再インストールしてください．

]

致命的エラー[データが壊れています．
再インストールしてください．

]

致命的エラー[データが壊れています．
再インストールしてください．

]

致命的エラー[データが壊れています．
再インストールしてください．

]

致命的エラー[データが壊れています．
再インストールしてください．

]

致命的エラー[データが壊れています．
再インストールしてください．

]

致命的エラー[データが壊れています．
再インストールしてください．

]

致命的エラー[データが壊れています．
再インストールしてください．

]

致命的エラー[データが壊れています．
再インストールしてください．

]

致命的エラー[データが壊れています．
再インストールしてください．

]

致命的エラー[データが壊れています．
再インストールしてください．

]

致命的エラー[データが壊れています．
再インストールしてください．

]

致命的エラー[データが壊れています．
再インストールしてください．

]

致命的エラー[データが壊れています．
再インストールしてください．

]

致命的エラー[データが壊れています．
再インストールしてください．

]

致命的エラー[データが壊れています．
再インストールしてください．

]
プログラムが終了しました．プログラムが終了しました．